<?xml version="1.0" encoding="UTF-8"?>
<testng-results skipped="0" failed="0" ignored="0" total="1" passed="1">
  <reporter-output>
    <line>
      <![CDATA[clicked signin]]>
    </line>
  </reporter-output>
  <suite name="Suite" duration-ms="60441" started-at="2019-04-30T04:31:44Z" finished-at="2019-04-30T04:32:44Z">
    <groups>
    </groups>
    <test name="Test" duration-ms="60441" started-at="2019-04-30T04:31:44Z" finished-at="2019-04-30T04:32:44Z">
      <class name="com.tests.LoginTest">
        <test-method status="PASS" signature="launchbrowser(java.lang.String, java.lang.String)[pri:0, instance:com.tests.LoginTest@7c75222b]" name="launchbrowser" is-config="true" duration-ms="27472" started-at="2019-04-30T04:31:44Z" finished-at="2019-04-30T04:32:11Z">
          <params>
            <param index="0">
              <value>
                <![CDATA[chrome]]>
              </value>
            </param>
            <param index="1">
              <value>
                <![CDATA[amazonqaurl]]>
              </value>
            </param>
          </params>
          <reporter-output>
          </reporter-output>
        </test-method> <!-- launchbrowser -->
        <test-method status="PASS" signature="loginuser()[pri:0, instance:com.tests.LoginTest@7c75222b]" name="loginuser" duration-ms="32953" started-at="2019-04-30T04:32:11Z" finished-at="2019-04-30T04:32:44Z">
          <reporter-output>
            <line>
              <![CDATA[clicked signin]]>
            </line>
          </reporter-output>
        </test-method> <!-- loginuser -->
      </class> <!-- com.tests.LoginTest -->
    </test> <!-- Test -->
  </suite> <!-- Suite -->
</testng-results>
